<?xml version="1.0" encoding="UTF-8"?>
<testsuite xmlns:xsi="http://www.w3.org/2001/XMLSchema-instance" xsi:noNamespaceSchemaLocation="https://maven.apache.org/surefire/maven-surefire-plugin/xsd/surefire-test-report.xsd" name="com.sg.flock.service.FlockServiceLayerImplTest" time="1.914" tests="10" errors="0" skipped="0" failures="0">
  <properties>
[...]
</properties>
  <testcase name="testDeleteReply" classname="com.sg.flock.service.FlockServiceLayerImplTest" time="0.245"/>
  <testcase name="testDeleteTweet" classname="com.sg.flock.service.FlockServiceLayerImplTest" time="0.101"/>
  <testcase name="testGetReplyByUserName" classname="com.sg.flock.service.FlockServiceLayerImplTest" time="0.088"/>
  <testcase name="testInsertTweetandgetTweetById" classname="com.sg.flock.service.FlockServiceLayerImplTest" time="0.061"/>
  <testcase name="testEditReply" classname="com.sg.flock.service.FlockServiceLayerImplTest" time="0.149"/>
  <testcase name="testEditTweet" classname="com.sg.flock.service.FlockServiceLayerImplTest" time="0.107"/>
  <testcase name="testGetRepliesForTweetId" classname="com.sg.flock.service.FlockServiceLayerImplTest" time="0.078"/>
  <testcase name="testGetTweetByUserName" classname="com.sg.flock.service.FlockServiceLayerImplTest" time="0.1"/>
  <testcase name="testInsertReply" classname="com.sg.flock.service.FlockServiceLayerImplTest" time="0.064"/>
  <testcase name="testGetAllTweets" classname="com.sg.flock.service.FlockServiceLayerImplTest" time="0.055"/>
</testsuite>